app/build/intermediates/manifest_merge_blame_file/debug/processDebugMainManifest/manifest-merger-blame-debug-report.txt
1<?xml version="1.0" encoding="utf-8"?>
2<manifest xmlns:android="http://schemas.android.com/apk/res/android"
3    package="com.noom.map"
4    android:versionCode="1"
5    android:versionName="1.0" >
6
7    <uses-sdk
8        android:minSdkVersion="24"
9        android:targetSdkVersion="35" />
10
11    <uses-permission android:name="android.permission.ACCESS_FINE_LOCATION" />
11-->src\main\AndroidManifest.xml:4:5-79
11-->src\main\AndroidManifest.xml:4:22-76
12    <uses-permission android:name="android.permission.ACCESS_COARSE_LOCATION" />
12-->src\main\AndroidManifest.xml:5:5-81
12-->src\main\AndroidManifest.xml:5:22-78
13
14    <uses-feature
14-->[com.naver.maps:map-sdk:3.19.1] AndroidManifest.xml:7:5-9:35
15        android:glEsVersion="0x00020000"
15-->[com.naver.maps:map-sdk:3.19.1] AndroidManifest.xml:8:9-41
16        android:required="true" />
16-->[com.naver.maps:map-sdk:3.19.1] AndroidManifest.xml:9:9-32
17    <uses-feature
17-->[com.naver.maps:map-sdk:3.19.1] AndroidManifest.xml:10:5-12:36
18        android:name="android.hardware.wifi"
18-->[com.naver.maps:map-sdk:3.19.1] AndroidManifest.xml:11:9-45
19        android:required="false" />
19-->[com.naver.maps:map-sdk:3.19.1] AndroidManifest.xml:12:9-33
20
21    <uses-permission android:name="android.permission.INTERNET" />
21-->[com.naver.maps:map-sdk:3.19.1] AndroidManifest.xml:14:5-67
21-->[com.naver.maps:map-sdk:3.19.1] AndroidManifest.xml:14:22-64
22    <uses-permission android:name="android.permission.ACCESS_NETWORK_STATE" />
22-->[com.naver.maps:map-sdk:3.19.1] AndroidManifest.xml:15:5-79
22-->[com.naver.maps:map-sdk:3.19.1] AndroidManifest.xml:15:22-76
23    <uses-permission android:name="android.permission.ACCESS_WIFI_STATE" />
23-->[com.naver.maps:map-sdk:3.19.1] AndroidManifest.xml:16:5-76
23-->[com.naver.maps:map-sdk:3.19.1] AndroidManifest.xml:16:22-73
24
25    <queries>
25-->[com.google.android.gms:play-services-maps:19.0.0] AndroidManifest.xml:30:5-34:15
26
27        <!-- Needs to be explicitly declared on Android R+ -->
28        <package android:name="com.google.android.apps.maps" />
28-->[com.google.android.gms:play-services-maps:19.0.0] AndroidManifest.xml:33:9-64
28-->[com.google.android.gms:play-services-maps:19.0.0] AndroidManifest.xml:33:18-61
29    </queries>
30
31    <permission
31-->[androidx.core:core:1.15.0] AndroidManifest.xml:22:5-24:47
32        android:name="com.noom.map.DYNAMIC_RECEIVER_NOT_EXPORTED_PERMISSION"
32-->[androidx.core:core:1.15.0] AndroidManifest.xml:23:9-81
33        android:protectionLevel="signature" />
33-->[androidx.core:core:1.15.0] AndroidManifest.xml:24:9-44
34
35    <uses-permission android:name="com.noom.map.DYNAMIC_RECEIVER_NOT_EXPORTED_PERMISSION" />
35-->[androidx.core:core:1.15.0] AndroidManifest.xml:26:5-97
35-->[androidx.core:core:1.15.0] AndroidManifest.xml:26:22-94
36
37    <application
37-->src\main\AndroidManifest.xml:6:5-31:19
38        android:allowBackup="true"
38-->src\main\AndroidManifest.xml:7:9-35
39        android:appComponentFactory="androidx.core.app.CoreComponentFactory"
39-->[androidx.core:core:1.15.0] AndroidManifest.xml:28:18-86
40        android:dataExtractionRules="@xml/data_extraction_rules"
40-->src\main\AndroidManifest.xml:8:9-65
41        android:debuggable="true"
42        android:extractNativeLibs="false"
43        android:fullBackupContent="@xml/backup_rules"
43-->src\main\AndroidManifest.xml:9:9-54
44        android:icon="@mipmap/ic_launcher"
44-->src\main\AndroidManifest.xml:10:9-43
45        android:label="@string/app_name"
45-->src\main\AndroidManifest.xml:11:9-41
46        android:roundIcon="@mipmap/ic_launcher_round"
46-->src\main\AndroidManifest.xml:12:9-54
47        android:supportsRtl="true"
47-->src\main\AndroidManifest.xml:13:9-35
48        android:testOnly="true"
49        android:theme="@style/Theme.Map" >
49-->src\main\AndroidManifest.xml:14:9-41
50        <activity
50-->src\main\AndroidManifest.xml:16:9-24:20
51            android:name="com.noom.map.MainActivity"
51-->src\main\AndroidManifest.xml:17:13-41
52            android:exported="true" >
52-->src\main\AndroidManifest.xml:18:13-36
53            <intent-filter>
53-->src\main\AndroidManifest.xml:19:13-23:29
54                <action android:name="android.intent.action.MAIN" />
54-->src\main\AndroidManifest.xml:20:17-69
54-->src\main\AndroidManifest.xml:20:25-66
55
56                <category android:name="android.intent.category.LAUNCHER" />
56-->src\main\AndroidManifest.xml:22:17-77
56-->src\main\AndroidManifest.xml:22:27-74
57            </intent-filter>
58        </activity>
59        <activity android:name="com.noom.map.SubActivity" />
59-->src\main\AndroidManifest.xml:25:9-48
59-->src\main\AndroidManifest.xml:25:19-46
60        <activity android:name="com.noom.map.Information" />
60-->src\main\AndroidManifest.xml:26:9-48
60-->src\main\AndroidManifest.xml:26:19-46
61
62        <meta-data
62-->src\main\AndroidManifest.xml:27:9-29:42
63            android:name="com.naver.maps.map.CLIENT_ID"
63-->src\main\AndroidManifest.xml:28:13-56
64            android:value="w40x99mfnd" />
64-->src\main\AndroidManifest.xml:29:13-39
65
66        <activity
66-->[com.naver.maps:map-sdk:3.19.1] AndroidManifest.xml:19:9-23:51
67            android:name="com.naver.maps.map.app.LegendActivity"
67-->[com.naver.maps:map-sdk:3.19.1] AndroidManifest.xml:20:13-65
68            android:configChanges="screenSize|smallestScreenSize|screenLayout|orientation"
68-->[com.naver.maps:map-sdk:3.19.1] AndroidManifest.xml:21:13-91
69            android:label="@string/navermap_legend"
69-->[com.naver.maps:map-sdk:3.19.1] AndroidManifest.xml:22:13-52
70            android:theme="@style/navermap_app" />
70-->[com.naver.maps:map-sdk:3.19.1] AndroidManifest.xml:23:13-48
71        <activity
71-->[com.naver.maps:map-sdk:3.19.1] AndroidManifest.xml:24:9-28:51
72            android:name="com.naver.maps.map.app.LegalNoticeActivity"
72-->[com.naver.maps:map-sdk:3.19.1] AndroidManifest.xml:25:13-70
73            android:configChanges="screenSize|smallestScreenSize|screenLayout|orientation"
73-->[com.naver.maps:map-sdk:3.19.1] AndroidManifest.xml:26:13-91
74            android:label="@string/navermap_legal_notice"
74-->[com.naver.maps:map-sdk:3.19.1] AndroidManifest.xml:27:13-58
75            android:theme="@style/navermap_app" />
75-->[com.naver.maps:map-sdk:3.19.1] AndroidManifest.xml:28:13-48
76        <activity
76-->[com.naver.maps:map-sdk:3.19.1] AndroidManifest.xml:29:9-33:51
77            android:name="com.naver.maps.map.app.OpenSourceLicenseActivity"
77-->[com.naver.maps:map-sdk:3.19.1] AndroidManifest.xml:30:13-76
78            android:configChanges="screenSize|smallestScreenSize|screenLayout|orientation"
78-->[com.naver.maps:map-sdk:3.19.1] AndroidManifest.xml:31:13-91
79            android:label="@string/navermap_open_source_license"
79-->[com.naver.maps:map-sdk:3.19.1] AndroidManifest.xml:32:13-65
80            android:theme="@style/navermap_app" /> <!-- Needs to be explicitly declared on P+ -->
80-->[com.naver.maps:map-sdk:3.19.1] AndroidManifest.xml:33:13-48
81        <uses-library
81-->[com.google.android.gms:play-services-maps:19.0.0] AndroidManifest.xml:39:9-41:40
82            android:name="org.apache.http.legacy"
82-->[com.google.android.gms:play-services-maps:19.0.0] AndroidManifest.xml:40:13-50
83            android:required="false" />
83-->[com.google.android.gms:play-services-maps:19.0.0] AndroidManifest.xml:41:13-37
84
85        <activity
85-->[com.google.android.gms:play-services-base:18.5.0] AndroidManifest.xml:5:9-173
86            android:name="com.google.android.gms.common.api.GoogleApiActivity"
86-->[com.google.android.gms:play-services-base:18.5.0] AndroidManifest.xml:5:19-85
87            android:exported="false"
87-->[com.google.android.gms:play-services-base:18.5.0] AndroidManifest.xml:5:146-170
88            android:theme="@android:style/Theme.Translucent.NoTitleBar" />
88-->[com.google.android.gms:play-services-base:18.5.0] AndroidManifest.xml:5:86-145
89
90        <meta-data
90-->[com.google.android.gms:play-services-basement:18.4.0] AndroidManifest.xml:6:9-122
91            android:name="com.google.android.gms.version"
91-->[com.google.android.gms:play-services-basement:18.4.0] AndroidManifest.xml:6:20-65
92            android:value="@integer/google_play_services_version" />
92-->[com.google.android.gms:play-services-basement:18.4.0] AndroidManifest.xml:6:66-119
93
94        <provider
94-->[androidx.emoji2:emoji2:1.3.0] AndroidManifest.xml:24:9-32:20
95            android:name="androidx.startup.InitializationProvider"
95-->[androidx.emoji2:emoji2:1.3.0] AndroidManifest.xml:25:13-67
96            android:authorities="com.noom.map.androidx-startup"
96-->[androidx.emoji2:emoji2:1.3.0] AndroidManifest.xml:26:13-68
97            android:exported="false" >
97-->[androidx.emoji2:emoji2:1.3.0] AndroidManifest.xml:27:13-37
98            <meta-data
98-->[androidx.emoji2:emoji2:1.3.0] AndroidManifest.xml:29:13-31:52
99                android:name="androidx.emoji2.text.EmojiCompatInitializer"
99-->[androidx.emoji2:emoji2:1.3.0] AndroidManifest.xml:30:17-75
100                android:value="androidx.startup" />
100-->[androidx.emoji2:emoji2:1.3.0] AndroidManifest.xml:31:17-49
101            <meta-data
101-->[androidx.lifecycle:lifecycle-process:2.6.2] AndroidManifest.xml:29:13-31:52
102                android:name="androidx.lifecycle.ProcessLifecycleInitializer"
102-->[androidx.lifecycle:lifecycle-process:2.6.2] AndroidManifest.xml:30:17-78
103                android:value="androidx.startup" />
103-->[androidx.lifecycle:lifecycle-process:2.6.2] AndroidManifest.xml:31:17-49
104            <meta-data
104-->[androidx.profileinstaller:profileinstaller:1.4.0] AndroidManifest.xml:29:13-31:52
105                android:name="androidx.profileinstaller.ProfileInstallerInitializer"
105-->[androidx.profileinstaller:profileinstaller:1.4.0] AndroidManifest.xml:30:17-85
106                android:value="androidx.startup" />
106-->[androidx.profileinstaller:profileinstaller:1.4.0] AndroidManifest.xml:31:17-49
107        </provider>
108
109        <receiver
109-->[androidx.profileinstaller:profileinstaller:1.4.0] AndroidManifest.xml:34:9-52:20
110            android:name="androidx.profileinstaller.ProfileInstallReceiver"
110-->[androidx.profileinstaller:profileinstaller:1.4.0] AndroidManifest.xml:35:13-76
111            android:directBootAware="false"
111-->[androidx.profileinstaller:profileinstaller:1.4.0] AndroidManifest.xml:36:13-44
112            android:enabled="true"
112-->[androidx.profileinstaller:profileinstaller:1.4.0] AndroidManifest.xml:37:13-35
113            android:exported="true"
113-->[androidx.profileinstaller:profileinstaller:1.4.0] AndroidManifest.xml:38:13-36
114            android:permission="android.permission.DUMP" >
114-->[androidx.profileinstaller:profileinstaller:1.4.0] AndroidManifest.xml:39:13-57
115            <intent-filter>
115-->[androidx.profileinstaller:profileinstaller:1.4.0] AndroidManifest.xml:40:13-42:29
116                <action android:name="androidx.profileinstaller.action.INSTALL_PROFILE" />
116-->[androidx.profileinstaller:profileinstaller:1.4.0] AndroidManifest.xml:41:17-91
116-->[androidx.profileinstaller:profileinstaller:1.4.0] AndroidManifest.xml:41:25-88
117            </intent-filter>
118            <intent-filter>
118-->[androidx.profileinstaller:profileinstaller:1.4.0] AndroidManifest.xml:43:13-45:29
119                <action android:name="androidx.profileinstaller.action.SKIP_FILE" />
119-->[androidx.profileinstaller:profileinstaller:1.4.0] AndroidManifest.xml:44:17-85
119-->[androidx.profileinstaller:profileinstaller:1.4.0] AndroidManifest.xml:44:25-82
120            </intent-filter>
121            <intent-filter>
121-->[androidx.profileinstaller:profileinstaller:1.4.0] AndroidManifest.xml:46:13-48:29
122                <action android:name="androidx.profileinstaller.action.SAVE_PROFILE" />
122-->[androidx.profileinstaller:profileinstaller:1.4.0] AndroidManifest.xml:47:17-88
122-->[androidx.profileinstaller:profileinstaller:1.4.0] AndroidManifest.xml:47:25-85
123            </intent-filter>
124            <intent-filter>
124-->[androidx.profileinstaller:profileinstaller:1.4.0] AndroidManifest.xml:49:13-51:29
125                <action android:name="androidx.profileinstaller.action.BENCHMARK_OPERATION" />
125-->[androidx.profileinstaller:profileinstaller:1.4.0] AndroidManifest.xml:50:17-95
125-->[androidx.profileinstaller:profileinstaller:1.4.0] AndroidManifest.xml:50:25-92
126            </intent-filter>
127        </receiver>
128    </application>
129
130</manifest>